29-Dec-2021 17:05:38 INFO - HV000001: Hibernate Validator 6.2.0.Final
29-Dec-2021 17:05:38 INFO - Devtools property defaults active! Set 'spring.devtools.add-properties' to 'false' to disable
29-Dec-2021 17:05:38 INFO - For additional web related logging consider setting the 'logging.level.web' property to 'DEBUG'
29-Dec-2021 17:05:39 INFO - Bootstrapping Spring Data JPA repositories in DEFAULT mode.
29-Dec-2021 17:05:39 INFO - Finished Spring Data repository scanning in 8 ms. Found 0 JPA repository interfaces.
29-Dec-2021 17:05:40 INFO - Tomcat initialized with port(s): 8765 (http)
29-Dec-2021 17:05:40 INFO - Initializing ProtocolHandler ["http-nio-8765"]
29-Dec-2021 17:05:40 INFO - Starting service [Tomcat]
29-Dec-2021 17:05:40 INFO - Starting Servlet engine: [Apache Tomcat/9.0.56]
29-Dec-2021 17:05:40 INFO - Initializing Spring embedded WebApplicationContext
29-Dec-2021 17:05:40 INFO - Root WebApplicationContext: initialization completed in 2133 ms
29-Dec-2021 17:05:40 INFO - HikariPool-1 - Starting...
29-Dec-2021 17:05:40 INFO - HikariPool-1 - Start completed.
29-Dec-2021 17:05:40 INFO - HHH000204: Processing PersistenceUnitInfo [name: default]
29-Dec-2021 17:05:41 INFO - HHH000412: Hibernate ORM core version 5.6.3.Final
29-Dec-2021 17:05:41 INFO - HCANN000001: Hibernate Commons Annotations {5.1.2.Final}
29-Dec-2021 17:05:41 INFO - HHH000400: Using dialect: org.hibernate.dialect.MySQL8Dialect
29-Dec-2021 17:05:41 INFO - HHH000490: Using JtaPlatform implementation: [org.hibernate.engine.transaction.jta.platform.internal.NoJtaPlatform]
29-Dec-2021 17:05:41 INFO - Initialized JPA EntityManagerFactory for persistence unit 'default'
29-Dec-2021 17:05:41 WARN - spring.jpa.open-in-view is enabled by default. Therefore, database queries may be performed during view rendering. Explicitly configure spring.jpa.open-in-view to disable this warning
29-Dec-2021 17:05:42 INFO - LiveReload server is running on port 35729
29-Dec-2021 17:05:42 INFO - Starting ProtocolHandler ["http-nio-8765"]
29-Dec-2021 17:05:42 INFO - Tomcat started on port(s): 8765 (http) with context path ''
